<?xml version="1.0" encoding="UTF-8"?>
<testsuite xmlns:xsi="http://www.w3.org/2001/XMLSchema-instance" xsi:noNamespaceSchemaLocation="https://maven.apache.org/surefire/maven-surefire-plugin/xsd/surefire-test-report-3.0.xsd" version="3.0" name="PacienteDentistaTest" time="0.504" tests="1" errors="0" skipped="0" failures="0">
  <properties>
    <property name="java.specification.version" value="17"/>
    <property name="sun.cpu.isalist" value="amd64"/>
    <property name="sun.jnu.encoding" value="Cp1252"/>
    <property name="java.class.path" value="D:\OneDrive - Badixy\Personal\Estudo\digital-house\certified-tech-developer\disciplinas\backend-01\Aula18-Maven\target\test-classes;D:\OneDrive - Badixy\Personal\Estudo\digital-house\certified-tech-developer\disciplinas\backend-01\Aula18-Maven\target\classes;C:\Users\FernandoBade\.m2\repository\org\junit\jupiter\junit-jupiter-api\5.9.0\junit-jupiter-api-5.9.0.jar;C:\Users\FernandoBade\.m2\repository\org\opentest4j\opentest4j\1.2.0\opentest4j-1.2.0.jar;C:\Users\FernandoBade\.m2\repository\org\junit\platform\junit-platform-commons\1.9.0\junit-platform-commons-1.9.0.jar;C:\Users\FernandoBade\.m2\repository\org\apiguardian\apiguardian-api\1.1.2\apiguardian-api-1.1.2.jar;C:\Users\FernandoBade\.m2\repository\com\h2database\h2\2.1.214\h2-2.1.214.jar;C:\Users\FernandoBade\.m2\repository\log4j\log4j\1.2.17\log4j-1.2.17.jar;"/>
    <property name="java.vm.vendor" value="Amazon.com Inc."/>
    <property name="sun.arch.data.model" value="64"/>
    <property name="user.variant" value=""/>
    <property name="java.vendor.url" value="https://aws.amazon.com/corretto/"/>
    <property name="user.timezone" value="America/Sao_Paulo"/>
    <property name="os.name" value="Windows 10"/>
    <property name="java.vm.specification.version" value="17"/>
    <property name="sun.java.launcher" value="SUN_STANDARD"/>
    <property name="user.country" value="BR"/>
    <property name="sun.boot.library.path" value="C:\Users\FernandoBade\.jdks\corretto-17.0.3\bin"/>
    <property name="sun.java.command" value="C:\Users\FernandoBade\AppData\Local\Temp\surefire15154522487915220298\surefirebooter9359094305460455626.jar C:\Users\FernandoBade\AppData\Local\Temp\surefire15154522487915220298 2022-08-23T23-58-18_585-jvmRun1 surefire4328658694265174659tmp surefire_07516766441252443325tmp"/>
    <property name="jdk.debug" value="release"/>
    <property name="surefire.test.class.path" value="D:\OneDrive - Badixy\Personal\Estudo\digital-house\certified-tech-developer\disciplinas\backend-01\Aula18-Maven\target\test-classes;D:\OneDrive - Badixy\Personal\Estudo\digital-house\certified-tech-developer\disciplinas\backend-01\Aula18-Maven\target\classes;C:\Users\FernandoBade\.m2\repository\org\junit\jupiter\junit-jupiter-api\5.9.0\junit-jupiter-api-5.9.0.jar;C:\Users\FernandoBade\.m2\repository\org\opentest4j\opentest4j\1.2.0\opentest4j-1.2.0.jar;C:\Users\FernandoBade\.m2\repository\org\junit\platform\junit-platform-commons\1.9.0\junit-platform-commons-1.9.0.jar;C:\Users\FernandoBade\.m2\repository\org\apiguardian\apiguardian-api\1.1.2\apiguardian-api-1.1.2.jar;C:\Users\FernandoBade\.m2\repository\com\h2database\h2\2.1.214\h2-2.1.214.jar;C:\Users\FernandoBade\.m2\repository\log4j\log4j\1.2.17\log4j-1.2.17.jar;"/>
    <property name="sun.cpu.endian" value="little"/>
    <property name="user.home" value="C:\Users\FernandoBade"/>
    <property name="user.language" value="pt"/>
    <property name="java.specification.vendor" value="Oracle Corporation"/>
    <property name="java.version.date" value="2022-04-19"/>
    <property name="java.home" value="C:\Users\FernandoBade\.jdks\corretto-17.0.3"/>
    <property name="file.separator" value="\"/>
    <property name="basedir" value="D:\OneDrive - Badixy\Personal\Estudo\digital-house\certified-tech-developer\disciplinas\backend-01\Aula18-Maven"/>
    <property name="java.vm.compressedOopsMode" value="32-bit"/>
    <property name="line.separator" value="&#10;"/>
    <property name="java.vm.specification.vendor" value="Oracle Corporation"/>
    <property name="java.specification.name" value="Java Platform API Specification"/>
    <property name="surefire.real.class.path" value="C:\Users\FernandoBade\AppData\Local\Temp\surefire15154522487915220298\surefirebooter9359094305460455626.jar"/>
    <property name="user.script" value=""/>
    <property name="sun.management.compiler" value="HotSpot 64-Bit Tiered Compilers"/>
    <property name="java.runtime.version" value="17.0.3+6-LTS"/>
    <property name="user.name" value="FernandoBade"/>
    <property name="path.separator" value=";"/>
    <property name="os.version" value="10.0"/>
    <property name="java.runtime.name" value="OpenJDK Runtime Environment"/>
    <property name="file.encoding" value="Cp1252"/>
    <property name="java.vm.name" value="OpenJDK 64-Bit Server VM"/>
    <property name="java.vendor.version" value="Corretto-17.0.3.6.1"/>
    <property name="localRepository" value="C:\Users\FernandoBade\.m2\repository"/>
    <property name="java.vendor.url.bug" value="https://github.com/corretto/corretto-17/issues/"/>
    <property name="java.io.tmpdir" value="C:\Users\FERNAN~1\AppData\Local\Temp\"/>
    <property name="idea.version" value="2022.1.3"/>
    <property name="java.version" value="17.0.3"/>
    <property name="user.dir" value="D:\OneDrive - Badixy\Personal\Estudo\digital-house\certified-tech-developer\disciplinas\backend-01\Aula18-Maven"/>
    <property name="os.arch" value="amd64"/>
    <property name="java.vm.specification.name" value="Java Virtual Machine Specification"/>
    <property name="sun.os.patch.level" value=""/>
    <property name="native.encoding" value="Cp1252"/>
    <property name="java.library.path" value="C:\Users\FernandoBade\.jdks\corretto-17.0.3\bin;C:\Windows\Sun\Java\bin;C:\Windows\system32;C:\Windows;C:\Program Files\Microsoft\jdk-11.0.12.7-hotspot\bin;C:\Program Files\Common Files\Oracle\Java\javapath;C:\Program Files (x86)\Common Files\Oracle\Java\javapath;C:\Program Files (x86)\Common Files\Intel\Shared Libraries\redist\intel64\compiler;C:\Windows\system32;C:\Windows;C:\Windows\System32\Wbem;C:\Windows\System32\WindowsPowerShell\v1.0\;C:\Windows\System32\OpenSSH\;C:\Program Files\NVIDIA Corporation\NVIDIA NvDLISR;C:\Program Files (x86)\NVIDIA Corporation\PhysX\Common;C:\Program Files\Git\cmd;C:\ProgramData\chocolatey\bin;C:\Program Files\Docker\Docker\resources\bin;C:\ProgramData\DockerDesktop\version-bin;C:\Program Files\nodejs\;C:\Program Files\Java\jdk-18.0.1.1\bin;C:\Program Files\Java\jre1.8.0_321\bin;C:\Program Files\Microsoft SQL Server\150\Tools\Binn\;C:\Program Files\Microsoft SQL Server\Client SDK\ODBC\170\Tools\Binn\;C:\Program Files\dotnet\;C:\Users\FernandoBade\AppData\Local\Programs\Python\Python39\Scripts\;C:\Users\FernandoBade\AppData\Local\Programs\Python\Python39\;C:\Program Files\MySQL\MySQL Shell 8.0\bin\;C:\Users\FernandoBade\AppData\Local\Microsoft\WindowsApps;C:\Users\FernandoBade\AppData\Local\Programs\Microsoft VS Code\bin;C:\Program Files\heroku\bin;C:\Users\FernandoBade\AppData\Roaming\npm;C:\Program Files\JetBrains\IntelliJ IDEA Community Edition 2022.1.1\bin;;C:\Chromedriver;C:\Users\FernandoBade\.dotnet\tools;."/>
    <property name="java.vm.info" value="mixed mode, sharing"/>
    <property name="java.vendor" value="Amazon.com Inc."/>
    <property name="java.vm.version" value="17.0.3+6-LTS"/>
    <property name="sun.io.unicode.encoding" value="UnicodeLittle"/>
    <property name="java.class.version" value="61.0"/>
  </properties>
  <testcase name="mesaTeste" classname="PacienteDentistaTest" time="0.477">
    <system-out><![CDATA[Endereço encontrado: 
Endereco{rua='Rua 1', numero=1, cidade='Cidade 1', bairro='Bairro 1'}
Paciente encontrado: 
Paciente{id=1, nome='José', sobrenome='Silva', RG='123456789', dataDeCadastro=01/01/2001, endereco=0}
]]></system-out>
    <system-err><![CDATA[ago. 23, 2022 11:58:20 PM Paciente.EnderecoDaoH2 salvar
INFORMAÇÕES: registrando um novo endereco: Endereco{rua='Rua 1', numero=1, cidade='Cidade 1', bairro='Bairro 1'}
ago. 23, 2022 11:58:20 PM Paciente.EnderecoDaoH2 buscar
INFORMAÇÕES: buscando o endereco de id: 1
ago. 23, 2022 11:58:20 PM Paciente.PacienteDaoH2 cadastrar
INFORMAÇÕES: Cadastrando paciente: José
ago. 23, 2022 11:58:20 PM Paciente.PacienteDaoH2 buscar
INFORMAÇÕES: Buscando paciente com ID: 1
ago. 23, 2022 11:58:20 PM Paciente.PacienteDaoH2 excluir
INFORMAÇÕES: Excluindo paciente com ID: 1
ago. 23, 2022 11:58:20 PM Paciente.PacienteDaoH2 buscar
INFORMAÇÕES: Buscando paciente com ID: 1
]]></system-err>
  </testcase>
</testsuite>